<?xml version="1.0" encoding="UTF-8"?>
<!-- Generated by org.testng.reporters.JUnitXMLReporter -->
<testsuite hostname="KARTHIK" ignored="0" name="Test" tests="10" failures="2" timestamp="2020-05-18T19:17:33 IST" time="0.171" errors="0">
  <testcase name="homepageValidation" time="0.017" classname="com.testng.retryanalyzer.SampleTest">
    <skipped/>
  </testcase> <!-- homepageValidation -->
  <testcase name="homepageValidation" time="0.003" classname="com.testng.retryanalyzer.SampleTest">
    <skipped/>
  </testcase> <!-- homepageValidation -->
  <testcase name="homepageValidation" time="0.002" classname="com.testng.retryanalyzer.SampleTest">
    <skipped/>
  </testcase> <!-- homepageValidation -->
  <testcase name="homepageValidation" time="0.003" classname="com.testng.retryanalyzer.SampleTest">
    <skipped/>
  </testcase> <!-- homepageValidation -->
  <testcase name="homepageValidation" time="0.001" classname="com.testng.retryanalyzer.SampleTest">
    <failure type="java.lang.AssertionError" message="expected [Google.com] but found [Google]">
      <![CDATA[java.lang.AssertionError: expected [Google.com] but found [Google]
at com.testng.retryanalyzer.SampleTest.homepageValidation(SampleTest.java:19)
at java.util.ArrayList.forEach(ArrayList.java:1257)
... Removed 32 stack frames]]>
    </failure>
  </testcase> <!-- homepageValidation -->
  <testcase name="usernameValidation" time="0.002" classname="com.testng.retryanalyzer.SampleTest">
    <skipped/>
  </testcase> <!-- usernameValidation -->
  <testcase name="usernameValidation" time="0.002" classname="com.testng.retryanalyzer.SampleTest">
    <skipped/>
  </testcase> <!-- usernameValidation -->
  <testcase name="usernameValidation" time="0.002" classname="com.testng.retryanalyzer.SampleTest">
    <skipped/>
  </testcase> <!-- usernameValidation -->
  <testcase name="usernameValidation" time="0.012" classname="com.testng.retryanalyzer.SampleTest">
    <skipped/>
  </testcase> <!-- usernameValidation -->
  <testcase name="usernameValidation" time="0.002" classname="com.testng.retryanalyzer.SampleTest">
    <failure type="java.lang.AssertionError" message="expected [Karthik] but found [karthik]">
      <![CDATA[java.lang.AssertionError: expected [Karthik] but found [karthik]
at com.testng.retryanalyzer.SampleTest.usernameValidation(SampleTest.java:13)
at java.util.ArrayList.forEach(ArrayList.java:1257)
... Removed 32 stack frames]]>
    </failure>
  </testcase> <!-- usernameValidation -->
</testsuite> <!-- Test -->
